demo1/build/outputs/logs/manifest-merger-debug-report.txt
-- Merging decision tree log ---
manifest
ADDED from src\main\AndroidManifest.xml:17:1-180:12
	package
		ADDED from src\main\AndroidManifest.xml:18:5-49
		INJECTED from src\main\AndroidManifest.xml
		INJECTED from src\main\AndroidManifest.xml
	android:versionName
		INJECTED from src\main\AndroidManifest.xml
		INJECTED from src\main\AndroidManifest.xml
	xmlns:android
		ADDED from src\main\AndroidManifest.xml:17:11-69
	android:versionCode
		INJECTED from src\main\AndroidManifest.xml
		INJECTED from src\main\AndroidManifest.xml
application
ADDED from src\main\AndroidManifest.xml:20:5-179:19
MERGED from [com.qihoo360.replugin:replugin-plugin-lib:2.2.4] AndroidManifest.xml:24:5-25:19
MERGED from [:plugin-library:] AndroidManifest.xml:11:5-19:19
	android:label
		ADDED from src\main\AndroidManifest.xml:24:9-41
	android:supportsRtl
		ADDED from [:plugin-library:] AndroidManifest.xml:14:9-35
	android:allowBackup
		ADDED from src\main\AndroidManifest.xml:22:9-36
	android:icon
		ADDED from src\main\AndroidManifest.xml:23:9-40
	android:name
		ADDED from src\main\AndroidManifest.xml:21:9-32
meta-data#process_map
ADDED from src\main\AndroidManifest.xml:27:9-31:19
	android:value
		ADDED from src\main\AndroidManifest.xml:27:9-31:19
	android:name
		ADDED from src\main\AndroidManifest.xml:28:13-39
activity#com.qihoo360.replugin.sample.demo1.MainActivity
ADDED from src\main\AndroidManifest.xml:33:9-42:20
	android:screenOrientation
		ADDED from src\main\AndroidManifest.xml:37:13-49
	android:exported
		ADDED from src\main\AndroidManifest.xml:36:13-36
	android:configChanges
		ADDED from src\main\AndroidManifest.xml:35:13-72
	android:name
		ADDED from src\main\AndroidManifest.xml:34:13-41
intent-filter#android.intent.action.MAIN+android.intent.category.LAUNCHER
ADDED from src\main\AndroidManifest.xml:38:13-41:29
action#android.intent.action.MAIN
ADDED from src\main\AndroidManifest.xml:39:17-69
	android:name
		ADDED from src\main\AndroidManifest.xml:39:25-66
category#android.intent.category.LAUNCHER
ADDED from src\main\AndroidManifest.xml:40:17-77
	android:name
		ADDED from src\main\AndroidManifest.xml:40:27-74
activity#com.qihoo360.replugin.sample.demo1.activity.standard.StandardActivity
ADDED from src\main\AndroidManifest.xml:45:9-48:52
	android:screenOrientation
		ADDED from src\main\AndroidManifest.xml:48:13-49
	android:exported
		ADDED from src\main\AndroidManifest.xml:47:13-37
	android:name
		ADDED from src\main\AndroidManifest.xml:46:13-63
activity#com.qihoo360.replugin.sample.demo1.activity.theme.ThemeBlackNoTitleBarActivity
ADDED from src\main\AndroidManifest.xml:51:9-56:69
	android:screenOrientation
		ADDED from src\main\AndroidManifest.xml:55:13-49
	android:launchMode
		ADDED from src\main\AndroidManifest.xml:54:13-44
	android:exported
		ADDED from src\main\AndroidManifest.xml:53:13-37
	android:theme
		ADDED from src\main\AndroidManifest.xml:56:13-66
	android:name
		ADDED from src\main\AndroidManifest.xml:52:13-72
activity#com.qihoo360.replugin.sample.demo1.activity.theme.ThemeDialogActivity
ADDED from src\main\AndroidManifest.xml:59:9-63:59
	android:screenOrientation
		ADDED from src\main\AndroidManifest.xml:62:13-49
	android:exported
		ADDED from src\main\AndroidManifest.xml:61:13-37
	android:theme
		ADDED from src\main\AndroidManifest.xml:63:13-56
	android:name
		ADDED from src\main\AndroidManifest.xml:60:13-63
activity#com.qihoo360.replugin.sample.demo1.activity.theme.ThemeBlackNoTitleBarFullscreenActivity
ADDED from src\main\AndroidManifest.xml:66:9-76:20
	android:screenOrientation
		ADDED from src\main\AndroidManifest.xml:68:13-49
	android:theme
		ADDED from src\main\AndroidManifest.xml:69:13-77
	android:name
		ADDED from src\main\AndroidManifest.xml:67:13-82
intent-filter#android.intent.category.DEFAULT+com.qihoo360.replugin.sample.demo1.action.theme_fullscreen+com.qihoo360.repluginapp.replugin.demo1.CATEGORY1
ADDED from src\main\AndroidManifest.xml:70:13-75:29
action#com.qihoo360.replugin.sample.demo1.action.theme_fullscreen
ADDED from src\main\AndroidManifest.xml:71:17-101
	android:name
		ADDED from src\main\AndroidManifest.xml:71:25-98
category#android.intent.category.DEFAULT
ADDED from src\main\AndroidManifest.xml:73:17-76
	android:name
		ADDED from src\main\AndroidManifest.xml:73:27-73
category#com.qihoo360.repluginapp.replugin.demo1.CATEGORY1
ADDED from src\main\AndroidManifest.xml:74:17-94
	android:name
		ADDED from src\main\AndroidManifest.xml:74:27-91
receiver#com.qihoo360.replugin.sample.demo1.receivers.PluginDemo1Receiver
ADDED from src\main\AndroidManifest.xml:79:9-83:20
	android:name
		ADDED from src\main\AndroidManifest.xml:79:19-64
intent-filter#com.qihoo360.repluginapp.replugin.receiver.ACTION1
ADDED from src\main\AndroidManifest.xml:80:13-82:29
action#com.qihoo360.repluginapp.replugin.receiver.ACTION1
ADDED from src\main\AndroidManifest.xml:81:17-93
	android:name
		ADDED from src\main\AndroidManifest.xml:81:25-90
service#com.qihoo360.replugin.sample.demo1.service.PluginDemoAppService
ADDED from src\main\AndroidManifest.xml:86:9-65
	android:name
		ADDED from src\main\AndroidManifest.xml:86:18-62
service#com.qihoo360.replugin.sample.demo1.service.PluginDemoService1
ADDED from src\main\AndroidManifest.xml:87:9-89:37
	android:process
		ADDED from src\main\AndroidManifest.xml:89:13-34
	android:name
		ADDED from src\main\AndroidManifest.xml:88:13-55
service#com.qihoo360.replugin.sample.demo1.service.PluginDemoService2
ADDED from src\main\AndroidManifest.xml:90:9-94:19
	android:name
		ADDED from src\main\AndroidManifest.xml:90:18-60
intent-filter#com.qihoo360.replugin.sample.demo1.action.XXXX
ADDED from src\main\AndroidManifest.xml:91:13-93:29
action#com.qihoo360.replugin.sample.demo1.action.XXXX
ADDED from src\main\AndroidManifest.xml:92:17-89
	android:name
		ADDED from src\main\AndroidManifest.xml:92:25-86
activity#com.qihoo360.replugin.sample.demo1.activity.task_affinity.TAActivity1
ADDED from src\main\AndroidManifest.xml:97:9-101:69
	android:launchMode
		ADDED from src\main\AndroidManifest.xml:99:13-44
	android:theme
		ADDED from src\main\AndroidManifest.xml:101:13-66
	android:taskAffinity
		ADDED from src\main\AndroidManifest.xml:100:13-41
	android:name
		ADDED from src\main\AndroidManifest.xml:98:13-63
activity#com.qihoo360.replugin.sample.demo1.activity.task_affinity.TAActivity2
ADDED from src\main\AndroidManifest.xml:102:9-106:69
	android:launchMode
		ADDED from src\main\AndroidManifest.xml:104:13-44
	android:theme
		ADDED from src\main\AndroidManifest.xml:106:13-66
	android:taskAffinity
		ADDED from src\main\AndroidManifest.xml:105:13-41
	android:name
		ADDED from src\main\AndroidManifest.xml:103:13-63
activity#com.qihoo360.replugin.sample.demo1.activity.task_affinity.TAActivity3
ADDED from src\main\AndroidManifest.xml:107:9-111:69
	android:launchMode
		ADDED from src\main\AndroidManifest.xml:109:13-44
	android:theme
		ADDED from src\main\AndroidManifest.xml:111:13-66
	android:taskAffinity
		ADDED from src\main\AndroidManifest.xml:110:13-41
	android:name
		ADDED from src\main\AndroidManifest.xml:108:13-63
activity#com.qihoo360.replugin.sample.demo1.activity.task_affinity.TAActivity4
ADDED from src\main\AndroidManifest.xml:112:9-116:69
	android:launchMode
		ADDED from src\main\AndroidManifest.xml:114:13-44
	android:theme
		ADDED from src\main\AndroidManifest.xml:116:13-66
	android:taskAffinity
		ADDED from src\main\AndroidManifest.xml:115:13-41
	android:name
		ADDED from src\main\AndroidManifest.xml:113:13-63
activity#com.qihoo360.replugin.sample.demo1.activity.single_instance.TIActivity1
ADDED from src\main\AndroidManifest.xml:120:9-123:69
	android:launchMode
		ADDED from src\main\AndroidManifest.xml:122:13-48
	android:theme
		ADDED from src\main\AndroidManifest.xml:123:13-66
	android:name
		ADDED from src\main\AndroidManifest.xml:121:13-65
activity#com.qihoo360.replugin.sample.demo1.activity.single_top.SingleTopActivity1
ADDED from src\main\AndroidManifest.xml:126:9-129:69
	android:launchMode
		ADDED from src\main\AndroidManifest.xml:128:13-43
	android:theme
		ADDED from src\main\AndroidManifest.xml:129:13-66
	android:name
		ADDED from src\main\AndroidManifest.xml:127:13-67
activity#com.qihoo360.replugin.sample.demo1.activity.intent_filter.IntentFilterDemoActivity1
ADDED from src\main\AndroidManifest.xml:133:9-142:20
	android:theme
		ADDED from src\main\AndroidManifest.xml:135:13-66
	android:name
		ADDED from src\main\AndroidManifest.xml:134:13-77
intent-filter#android.intent.action.demo1+android.intent.category.DEFAULT+category_demo
ADDED from src\main\AndroidManifest.xml:136:13-141:29
action#android.intent.action.demo1
ADDED from src\main\AndroidManifest.xml:137:17-70
	android:name
		ADDED from src\main\AndroidManifest.xml:137:25-67
category#category_demo
ADDED from src\main\AndroidManifest.xml:140:17-58
	android:name
		ADDED from src\main\AndroidManifest.xml:140:27-55
activity#com.qihoo360.replugin.sample.demo1.activity.preference.PrefActivity1
ADDED from src\main\AndroidManifest.xml:144:9-147:52
	android:screenOrientation
		ADDED from src\main\AndroidManifest.xml:147:13-49
	android:configChanges
		ADDED from src\main\AndroidManifest.xml:146:13-72
	android:name
		ADDED from src\main\AndroidManifest.xml:145:13-62
activity#com.qihoo360.replugin.sample.demo1.activity.preference.PrefActivity2
ADDED from src\main\AndroidManifest.xml:149:9-152:52
	android:screenOrientation
		ADDED from src\main\AndroidManifest.xml:152:13-49
	android:configChanges
		ADDED from src\main\AndroidManifest.xml:151:13-72
	android:name
		ADDED from src\main\AndroidManifest.xml:150:13-62
activity#com.qihoo360.replugin.sample.demo1.activity.webview.WebViewActivity
ADDED from src\main\AndroidManifest.xml:154:9-157:52
	android:screenOrientation
		ADDED from src\main\AndroidManifest.xml:157:13-49
	android:configChanges
		ADDED from src\main\AndroidManifest.xml:156:13-72
	android:name
		ADDED from src\main\AndroidManifest.xml:155:13-61
provider#com.qihoo360.replugin.sample.demo1.provider.Provider2
ADDED from src\main\AndroidManifest.xml:159:9-161:82
	android:authorities
		ADDED from src\main\AndroidManifest.xml:161:13-79
	android:name
		ADDED from src\main\AndroidManifest.xml:160:13-47
activity#com.qihoo360.replugin.sample.demo1.activity.for_result.ForResultActivity
ADDED from src\main\AndroidManifest.xml:163:9-75
	android:name
		ADDED from src\main\AndroidManifest.xml:163:19-72
activity#com.qihoo360.replugin.sample.demo1.activity.file_provider.FileProviderActivity
ADDED from src\main\AndroidManifest.xml:165:9-81
	android:name
		ADDED from src\main\AndroidManifest.xml:165:19-78
activity#com.qihoo360.replugin.sample.demo1.activity.notify_test.NotifyActivity
ADDED from src\main\AndroidManifest.xml:167:9-73
	android:name
		ADDED from src\main\AndroidManifest.xml:167:19-70
provider#com.qihoo360.replugin.sample.demo1.provider.FileProvider
ADDED from src\main\AndroidManifest.xml:170:9-178:20
	android:authorities
		ADDED from src\main\AndroidManifest.xml:172:13-82
	android:grantUriPermissions
		ADDED from src\main\AndroidManifest.xml:174:13-47
	android:exported
		ADDED from src\main\AndroidManifest.xml:173:13-37
	android:name
		ADDED from src\main\AndroidManifest.xml:171:13-84
meta-data#android.support.FILE_PROVIDER_PATHS
ADDED from src\main\AndroidManifest.xml:175:13-177:61
	android:resource
		ADDED from src\main\AndroidManifest.xml:177:17-58
	android:name
		ADDED from src\main\AndroidManifest.xml:176:17-67
uses-sdk
INJECTED from src\main\AndroidManifest.xml reason: use-sdk injection requested
MERGED from [com.qihoo360.replugin:replugin-plugin-lib:2.2.4] AndroidManifest.xml:22:5-43
MERGED from [:plugin-library:] AndroidManifest.xml:7:5-9:41
	android:targetSdkVersion
		INJECTED from src\main\AndroidManifest.xml
		INJECTED from src\main\AndroidManifest.xml
	android:minSdkVersion
		INJECTED from src\main\AndroidManifest.xml
		INJECTED from src\main\AndroidManifest.xml
uses-permission#android.permission.WRITE_EXTERNAL_STORAGE
IMPLIED from src\main\AndroidManifest.xml:17:1-180:12 reason: com.qihoo360.replugin.library has a targetSdkVersion < 4
uses-permission#android.permission.READ_PHONE_STATE
IMPLIED from src\main\AndroidManifest.xml:17:1-180:12 reason: com.qihoo360.replugin.library has a targetSdkVersion < 4
uses-permission#android.permission.READ_EXTERNAL_STORAGE
IMPLIED from src\main\AndroidManifest.xml:17:1-180:12 reason: com.qihoo360.replugin.library requested WRITE_EXTERNAL_STORAGE
activity#com.qihoo360.replugin.sample.library.LibMainActivity
ADDED from [:plugin-library:] AndroidManifest.xml:15:9-18:20
	android:label
		ADDED from [:plugin-library:] AndroidManifest.xml:17:13-45
	android:name
		ADDED from [:plugin-library:] AndroidManifest.xml:16:13-80